//  Precision RTL Synthesis 64-bit 2015.2.16 (PS2015.2.1 Production Release) Tue Jan  5 23:04:49 PST 2016
//  
//  Copyright (c) Mentor Graphics Corporation, 1996-2016, All Rights Reserved.
//             Portions copyright 1991-2008 Compuware Corporation
//                       UNPUBLISHED, LICENSED SOFTWARE.
//            CONFIDENTIAL AND PROPRIETARY INFORMATION WHICH IS THE
//          PROPERTY OF MENTOR GRAPHICS CORPORATION OR ITS LICENSORS
//  
//  Running on Linux bnassirz@ecelinux2.uwaterloo.ca #1 SMP Wed Apr 12 15:04:24 UTC 2017 3.10.0-514.16.1.el7.x86_64 x86_64
//  
//  Start time Thu Jun  1 19:50:35 2017

***************************************************************
Device Utilization for 10M08SAE144C8GES
***************************************************************
Resource                          Used    Avail   Utilization
---------------------------------------------------------------
IOs                               30      -            -
LUTs                              34      8064      0.42%
Registers                         29      8064      0.36%
Memory Bits                       0       387072    0.00%
DSP block 9-bit elems             0       48        0.00%
---------------------------------------------------------------

*****************************************

Library: work    Cell: mult    View: main

*****************************************

  Cell                     Library  References     Total Area

 GND                       max10     1 x
 NOT                       max10     2 x
 VCC                       max10     1 x
 dffeas                    max10    29 x      1     29 Registers
 fiftyfivenm_lcell_comb    max10    34 x      1     34 LUTs

 Number of ports :                      30
 Number of nets :                       93
 Number of instances :                  67
 Number of references to this view :     0

Total accumulated area : 
 Number of LCs :                         0
 Number of LUTs :                       34
 Number of Registers :                  29
 Number of accumulated instances :      67
